DBeaver is starting
Install path: 'file:/home/ikorolev/Documents/PROGRAMS/dbeaver/'
Workspace path: 'file:/home/ikorolev/.dbeaver/'

(DBeaver:11276): LIBDBUSMENU-GTK-CRITICAL **: watch_submenu: assertion `GTK_IS_MENU_SHELL(menu)' failed

(DBeaver:11276): LIBDBUSMENU-GLIB-WARNING **: Trying to remove a child that doesn't believe we're its parent.

(DBeaver:11276): LIBDBUSMENU-GTK-CRITICAL **: watch_submenu: assertion `GTK_IS_MENU_SHELL(menu)' failed

(DBeaver:11276): LIBDBUSMENU-GLIB-WARNING **: Trying to remove a child that doesn't believe we're its parent.

(DBeaver:11276): LIBDBUSMENU-GTK-CRITICAL **: watch_submenu: assertion `GTK_IS_MENU_SHELL(menu)' failed

(DBeaver:11276): LIBDBUSMENU-GLIB-WARNING **: Trying to remove a child that doesn't believe we're its parent.

(DBeaver:11276): LIBDBUSMENU-GTK-CRITICAL **: watch_submenu: assertion `GTK_IS_MENU_SHELL(menu)' failed

(DBeaver:11276): LIBDBUSMENU-GTK-CRITICAL **: watch_submenu: assertion `GTK_IS_MENU_SHELL(menu)' failed

(DBeaver:11276): LIBDBUSMENU-GTK-CRITICAL **: watch_submenu: assertion `GTK_IS_MENU_SHELL(menu)' failed

(DBeaver:11276): LIBDBUSMENU-GLIB-WARNING **: Trying to remove a child that doesn't believe we're its parent.
DBeaver is starting
Install path: 'file:/home/ikorolev/Documents/PROGRAMS/dbeaver/'
Workspace path: 'file:/home/ikorolev/.dbeaver/'

(DBeaver:11348): LIBDBUSMENU-GTK-CRITICAL **: watch_submenu: assertion `GTK_IS_MENU_SHELL(menu)' failed

(DBeaver:11348): LIBDBUSMENU-GTK-CRITICAL **: watch_submenu: assertion `GTK_IS_MENU_SHELL(menu)' failed

(DBeaver:11348): LIBDBUSMENU-GTK-CRITICAL **: watch_submenu: assertion `GTK_IS_MENU_SHELL(menu)' failed

(DBeaver:11348): LIBDBUSMENU-GLIB-WARNING **: Trying to remove a child that doesn't believe we're its parent.

(DBeaver:11348): LIBDBUSMENU-GTK-CRITICAL **: watch_submenu: assertion `GTK_IS_MENU_SHELL(menu)' failed

(DBeaver:11348): LIBDBUSMENU-GLIB-WARNING **: Trying to remove a child that doesn't believe we're its parent.

(DBeaver:11348): LIBDBUSMENU-GTK-CRITICAL **: watch_submenu: assertion `GTK_IS_MENU_SHELL(menu)' failed

(DBeaver:11348): LIBDBUSMENU-GLIB-WARNING **: Trying to remove a child that doesn't believe we're its parent.

(DBeaver:11348): LIBDBUSMENU-GTK-CRITICAL **: watch_submenu: assertion `GTK_IS_MENU_SHELL(menu)' failed

(DBeaver:11348): LIBDBUSMENU-GLIB-WARNING **: Trying to remove a child that doesn't believe we're its parent.
DBeaver is starting
Install path: 'file:/home/ikorolev/Documents/PROGRAMS/dbeaver/'
Workspace path: 'file:/home/ikorolev/.dbeaver/'

(DBeaver:12624): LIBDBUSMENU-GTK-CRITICAL **: watch_submenu: assertion `GTK_IS_MENU_SHELL(menu)' failed

(DBeaver:12624): LIBDBUSMENU-GTK-CRITICAL **: watch_submenu: assertion `GTK_IS_MENU_SHELL(menu)' failed

(DBeaver:12624): LIBDBUSMENU-GTK-CRITICAL **: watch_submenu: assertion `GTK_IS_MENU_SHELL(menu)' failed

(DBeaver:12624): LIBDBUSMENU-GTK-CRITICAL **: watch_submenu: assertion `GTK_IS_MENU_SHELL(menu)' failed

(DBeaver:12624): LIBDBUSMENU-GLIB-WARNING **: Trying to remove a child that doesn't believe we're its parent.

(DBeaver:12624): LIBDBUSMENU-GTK-CRITICAL **: watch_submenu: assertion `GTK_IS_MENU_SHELL(menu)' failed

(DBeaver:12624): LIBDBUSMENU-GLIB-WARNING **: Trying to remove a child that doesn't believe we're its parent.

(DBeaver:12624): LIBDBUSMENU-GTK-CRITICAL **: watch_submenu: assertion `GTK_IS_MENU_SHELL(menu)' failed

(DBeaver:12624): LIBDBUSMENU-GLIB-WARNING **: Trying to remove a child that doesn't believe we're its parent.

(DBeaver:12624): LIBDBUSMENU-GTK-CRITICAL **: watch_submenu: assertion `GTK_IS_MENU_SHELL(menu)' failed

(DBeaver:12624): LIBDBUSMENU-GLIB-WARNING **: Trying to remove a child that doesn't believe we're its parent.
